<?xml version="1.0" encoding="UTF-8"?>
<!-- Generated by org.testng.reporters.JUnitReportReporter -->
<testsuite hostname="DESKTOP-NTHP5B3" failures="0" tests="2" name="main.java.DataDrivenTesting" time="6.738" errors="0" timestamp="2023-12-11T12:31:05 IST" skipped="0">
  <testcase classname="main.java.DataDrivenTesting" name="LoginTest" time="2.625"/>
  <system-out/>
  <testcase classname="main.java.DataDrivenTesting" name="LoginTest" time="4.113"/>
  <system-out/>
</testsuite> <!-- main.java.DataDrivenTesting -->
