<?xml version="1.0" encoding="UTF-8"?>
<!-- Generated by org.testng.reporters.JUnitReportReporter -->
<testsuite hostname="DESKTOP-NTHP5B3" failures="0" tests="1" name="main.java.TestArray" time="0.018" errors="0" timestamp="2023-11-14T15:40:46 IST" skipped="0">
  <testcase classname="main.java.TestArray" name="TestArry" time="0.018"/>
  <system-out/>
</testsuite> <!-- main.java.TestArray -->
