<?xml version="1.0" encoding="UTF-8"?>
<!-- Generated by org.testng.reporters.JUnitReportReporter -->
<testsuite hostname="DESKTOP-NTHP5B3" failures="0" tests="1" name="main.java.BaseTest" time="5.699" errors="0" timestamp="2023-11-24T23:03:36 IST" skipped="0">
  <testcase classname="main.java.BaseTest" name="PassUSERPASSWORD" time="5.699"/>
  <system-out/>
</testsuite> <!-- main.java.BaseTest -->
